<?xml version="1.0" encoding="UTF-8" standalone="no"?>
<!DOCTYPE log SYSTEM "logger.dtd">
<log>
<record>
  <date>2014-12-12T10:06:54</date>
  <millis>1418396814510</millis>
  <sequence>0</sequence>
  <logger>java.lang.Class</logger>
  <level>WARNING</level>
  <class>recepcionpaqueteswmwifi.BaseDeDatos</class>
  <method>conectar</method>
  <thread>1</thread>
  <message>Connection refused. Check that the hostname and port are correct and that the postmaster is accepting TCP/IP connections.</message>
  <exception>
    <message>org.postgresql.util.PSQLException: Connection refused. Check that the hostname and port are correct and that the postmaster is accepting TCP/IP connections.</message>
    <frame>
      <class>org.postgresql.core.v3.ConnectionFactoryImpl</class>
      <method>openConnectionImpl</method>
      <line>215</line>
    </frame>
    <frame>
      <class>org.postgresql.core.ConnectionFactory</class>
      <method>openConnection</method>
      <line>64</line>
    </frame>
    <frame>
      <class>org.postgresql.jdbc2.AbstractJdbc2Connection</class>
      <method>&lt;init&gt;</method>
      <line>144</line>
    </frame>
    <frame>
      <class>org.postgresql.jdbc3.AbstractJdbc3Connection</class>
      <method>&lt;init&gt;</method>
      <line>29</line>
    </frame>
    <frame>
      <class>org.postgresql.jdbc3g.AbstractJdbc3gConnection</class>
      <method>&lt;init&gt;</method>
      <line>21</line>
    </frame>
    <frame>
      <class>org.postgresql.jdbc4.AbstractJdbc4Connection</class>
      <method>&lt;init&gt;</method>
      <line>31</line>
    </frame>
    <frame>
      <class>org.postgresql.jdbc4.Jdbc4Connection</class>
      <method>&lt;init&gt;</method>
      <line>24</line>
    </frame>
    <frame>
      <class>org.postgresql.Driver</class>
      <method>makeConnection</method>
      <line>410</line>
    </frame>
    <frame>
      <class>org.postgresql.Driver</class>
      <method>connect</method>
      <line>280</line>
    </frame>
    <frame>
      <class>java.sql.DriverManager</class>
      <method>getConnection</method>
      <line>579</line>
    </frame>
    <frame>
      <class>java.sql.DriverManager</class>
      <method>getConnection</method>
      <line>221</line>
    </frame>
    <frame>
      <class>recepcionpaqueteswmwifi.BaseDeDatos</class>
      <method>conectar</method>
      <line>87</line>
    </frame>
    <frame>
      <class>recepcionpaqueteswmwifi.RecepcionPaquetesWMWifi</class>
      <method>main</method>
      <line>77</line>
    </frame>
  </exception>
</record>
<?xml version="1.0" encoding="UTF-8" standalone="no"?>
<!DOCTYPE log SYSTEM "logger.dtd">
<log>
<record>
  <date>2015-02-13T12:05:09</date>
  <millis>1423847109594</millis>
  <sequence>0</sequence>
  <logger>java.lang.Class</logger>
  <level>WARNING</level>
  <class>recepcionpaqueteswmwifi.BaseDeDatos</class>
  <method>conectar</method>
  <thread>1</thread>
  <message>The connection attempt failed.</message>
  <exception>
    <message>org.postgresql.util.PSQLException: The connection attempt failed.</message>
    <frame>
      <class>org.postgresql.core.v3.ConnectionFactoryImpl</class>
      <method>openConnectionImpl</method>
      <line>233</line>
    </frame>
    <frame>
      <class>org.postgresql.core.ConnectionFactory</class>
      <method>openConnection</method>
      <line>64</line>
    </frame>
    <frame>
      <class>org.postgresql.jdbc2.AbstractJdbc2Connection</class>
      <method>&lt;init&gt;</method>
      <line>144</line>
    </frame>
    <frame>
      <class>org.postgresql.jdbc3.AbstractJdbc3Connection</class>
      <method>&lt;init&gt;</method>
      <line>29</line>
    </frame>
    <frame>
      <class>org.postgresql.jdbc3g.AbstractJdbc3gConnection</class>
      <method>&lt;init&gt;</method>
      <line>21</line>
    </frame>
    <frame>
      <class>org.postgresql.jdbc4.AbstractJdbc4Connection</class>
      <method>&lt;init&gt;</method>
      <line>31</line>
    </frame>
    <frame>
      <class>org.postgresql.jdbc4.Jdbc4Connection</class>
      <method>&lt;init&gt;</method>
      <line>24</line>
    </frame>
    <frame>
      <class>org.postgresql.Driver</class>
      <method>makeConnection</method>
      <line>410</line>
    </frame>
    <frame>
      <class>org.postgresql.Driver</class>
      <method>connect</method>
      <line>280</line>
    </frame>
    <frame>
      <class>java.sql.DriverManager</class>
      <method>getConnection</method>
      <line>579</line>
    </frame>
    <frame>
      <class>java.sql.DriverManager</class>
      <method>getConnection</method>
      <line>221</line>
    </frame>
    <frame>
      <class>recepcionpaqueteswmwifi.BaseDeDatos</class>
      <method>conectar</method>
      <line>87</line>
    </frame>
    <frame>
      <class>recepcionpaqueteswmwifi.RecepcionPaquetesWMWifi</class>
      <method>main</method>
      <line>77</line>
    </frame>
  </exception>
</record>
<record>
  <date>2015-02-13T12:05:09</date>
  <millis>1423847109608</millis>
  <sequence>1</sequence>
  <logger>java.lang.Class</logger>
  <level>WARNING</level>
  <class>recepcionpaqueteswmwifi.BaseDeDatos</class>
  <method>existeTabla</method>
  <thread>1</thread>
  <exception>
    <message>java.lang.NullPointerException</message>
    <frame>
      <class>recepcionpaqueteswmwifi.BaseDeDatos</class>
      <method>existeTabla</method>
      <line>307</line>
    </frame>
    <frame>
      <class>recepcionpaqueteswmwifi.BaseDeDatos</class>
      <method>insertarRegistro</method>
      <line>175</line>
    </frame>
    <frame>
      <class>recepcionpaqueteswmwifi.RecepcionPaquetesWMWifi</class>
      <method>main</method>
      <line>79</line>
    </frame>
  </exception>
</record>
<record>
  <date>2015-02-13T12:05:09</date>
  <millis>1423847109611</millis>
  <sequence>2</sequence>
  <logger>java.lang.Class</logger>
  <level>WARNING</level>
  <class>recepcionpaqueteswmwifi.BaseDeDatos</class>
  <method>insertarRegistro</method>
  <thread>1</thread>
  <exception>
    <message>java.lang.NullPointerException</message>
    <frame>
      <class>recepcionpaqueteswmwifi.BaseDeDatos</class>
      <method>insertarRegistro</method>
      <line>177</line>
    </frame>
    <frame>
      <class>recepcionpaqueteswmwifi.RecepcionPaquetesWMWifi</class>
      <method>main</method>
      <line>79</line>
    </frame>
  </exception>
</record>
<?xml version="1.0" encoding="UTF-8" standalone="no"?>
<!DOCTYPE log SYSTEM "logger.dtd">
<log>
<record>
  <date>2015-02-15T09:45:50</date>
  <millis>1424011550820</millis>
  <sequence>0</sequence>
  <logger>java.lang.Class</logger>
  <level>WARNING</level>
  <class>recepcionpaqueteswmwifi.BaseDeDatos</class>
  <method>conectar</method>
  <thread>1</thread>
  <message>Connection refused. Check that the hostname and port are correct and that the postmaster is accepting TCP/IP connections.</message>
  <exception>
    <message>org.postgresql.util.PSQLException: Connection refused. Check that the hostname and port are correct and that the postmaster is accepting TCP/IP connections.</message>
    <frame>
      <class>org.postgresql.core.v3.ConnectionFactoryImpl</class>
      <method>openConnectionImpl</method>
      <line>215</line>
    </frame>
    <frame>
      <class>org.postgresql.core.ConnectionFactory</class>
      <method>openConnection</method>
      <line>64</line>
    </frame>
    <frame>
      <class>org.postgresql.jdbc2.AbstractJdbc2Connection</class>
      <method>&lt;init&gt;</method>
      <line>144</line>
    </frame>
    <frame>
      <class>org.postgresql.jdbc3.AbstractJdbc3Connection</class>
      <method>&lt;init&gt;</method>
      <line>29</line>
    </frame>
    <frame>
      <class>org.postgresql.jdbc3g.AbstractJdbc3gConnection</class>
      <method>&lt;init&gt;</method>
      <line>21</line>
    </frame>
    <frame>
      <class>org.postgresql.jdbc4.AbstractJdbc4Connection</class>
      <method>&lt;init&gt;</method>
      <line>31</line>
    </frame>
    <frame>
      <class>org.postgresql.jdbc4.Jdbc4Connection</class>
      <method>&lt;init&gt;</method>
      <line>24</line>
    </frame>
    <frame>
      <class>org.postgresql.Driver</class>
      <method>makeConnection</method>
      <line>410</line>
    </frame>
    <frame>
      <class>org.postgresql.Driver</class>
      <method>connect</method>
      <line>280</line>
    </frame>
    <frame>
      <class>java.sql.DriverManager</class>
      <method>getConnection</method>
      <line>579</line>
    </frame>
    <frame>
      <class>java.sql.DriverManager</class>
      <method>getConnection</method>
      <line>221</line>
    </frame>
    <frame>
      <class>recepcionpaqueteswmwifi.BaseDeDatos</class>
      <method>conectar</method>
      <line>87</line>
    </frame>
    <frame>
      <class>recepcionpaqueteswmwifi.RecepcionPaquetesWMWifi</class>
      <method>main</method>
      <line>79</line>
    </frame>
  </exception>
</record>
<?xml version="1.0" encoding="UTF-8" standalone="no"?>
<!DOCTYPE log SYSTEM "logger.dtd">
<log>
<record>
  <date>2015-02-15T09:46:41</date>
  <millis>1424011601061</millis>
  <sequence>0</sequence>
  <logger>java.lang.Class</logger>
  <level>WARNING</level>
  <class>recepcionpaqueteswmwifi.BaseDeDatos</class>
  <method>conectar</method>
  <thread>1</thread>
  <message>Connection refused. Check that the hostname and port are correct and that the postmaster is accepting TCP/IP connections.</message>
  <exception>
    <message>org.postgresql.util.PSQLException: Connection refused. Check that the hostname and port are correct and that the postmaster is accepting TCP/IP connections.</message>
    <frame>
      <class>org.postgresql.core.v3.ConnectionFactoryImpl</class>
      <method>openConnectionImpl</method>
      <line>215</line>
    </frame>
    <frame>
      <class>org.postgresql.core.ConnectionFactory</class>
      <method>openConnection</method>
      <line>64</line>
    </frame>
    <frame>
      <class>org.postgresql.jdbc2.AbstractJdbc2Connection</class>
      <method>&lt;init&gt;</method>
      <line>144</line>
    </frame>
    <frame>
      <class>org.postgresql.jdbc3.AbstractJdbc3Connection</class>
      <method>&lt;init&gt;</method>
      <line>29</line>
    </frame>
    <frame>
      <class>org.postgresql.jdbc3g.AbstractJdbc3gConnection</class>
      <method>&lt;init&gt;</method>
      <line>21</line>
    </frame>
    <frame>
      <class>org.postgresql.jdbc4.AbstractJdbc4Connection</class>
      <method>&lt;init&gt;</method>
      <line>31</line>
    </frame>
    <frame>
      <class>org.postgresql.jdbc4.Jdbc4Connection</class>
      <method>&lt;init&gt;</method>
      <line>24</line>
    </frame>
    <frame>
      <class>org.postgresql.Driver</class>
      <method>makeConnection</method>
      <line>410</line>
    </frame>
    <frame>
      <class>org.postgresql.Driver</class>
      <method>connect</method>
      <line>280</line>
    </frame>
    <frame>
      <class>java.sql.DriverManager</class>
      <method>getConnection</method>
      <line>579</line>
    </frame>
    <frame>
      <class>java.sql.DriverManager</class>
      <method>getConnection</method>
      <line>221</line>
    </frame>
    <frame>
      <class>recepcionpaqueteswmwifi.BaseDeDatos</class>
      <method>conectar</method>
      <line>87</line>
    </frame>
    <frame>
      <class>recepcionpaqueteswmwifi.RecepcionPaquetesWMWifi</class>
      <method>main</method>
      <line>79</line>
    </frame>
  </exception>
</record>
<?xml version="1.0" encoding="UTF-8" standalone="no"?>
<!DOCTYPE log SYSTEM "logger.dtd">
<log>
<record>
  <date>2015-02-15T09:49:26</date>
  <millis>1424011766803</millis>
  <sequence>0</sequence>
  <logger>java.lang.Class</logger>
  <level>WARNING</level>
  <class>recepcionpaqueteswmwifi.BaseDeDatos</class>
  <method>conectar</method>
  <thread>1</thread>
  <message>Connection refused. Check that the hostname and port are correct and that the postmaster is accepting TCP/IP connections.</message>
  <exception>
    <message>org.postgresql.util.PSQLException: Connection refused. Check that the hostname and port are correct and that the postmaster is accepting TCP/IP connections.</message>
    <frame>
      <class>org.postgresql.core.v3.ConnectionFactoryImpl</class>
      <method>openConnectionImpl</method>
      <line>215</line>
    </frame>
    <frame>
      <class>org.postgresql.core.ConnectionFactory</class>
      <method>openConnection</method>
      <line>64</line>
    </frame>
    <frame>
      <class>org.postgresql.jdbc2.AbstractJdbc2Connection</class>
      <method>&lt;init&gt;</method>
      <line>144</line>
    </frame>
    <frame>
      <class>org.postgresql.jdbc3.AbstractJdbc3Connection</class>
      <method>&lt;init&gt;</method>
      <line>29</line>
    </frame>
    <frame>
      <class>org.postgresql.jdbc3g.AbstractJdbc3gConnection</class>
      <method>&lt;init&gt;</method>
      <line>21</line>
    </frame>
    <frame>
      <class>org.postgresql.jdbc4.AbstractJdbc4Connection</class>
      <method>&lt;init&gt;</method>
      <line>31</line>
    </frame>
    <frame>
      <class>org.postgresql.jdbc4.Jdbc4Connection</class>
      <method>&lt;init&gt;</method>
      <line>24</line>
    </frame>
    <frame>
      <class>org.postgresql.Driver</class>
      <method>makeConnection</method>
      <line>410</line>
    </frame>
    <frame>
      <class>org.postgresql.Driver</class>
      <method>connect</method>
      <line>280</line>
    </frame>
    <frame>
      <class>java.sql.DriverManager</class>
      <method>getConnection</method>
      <line>579</line>
    </frame>
    <frame>
      <class>java.sql.DriverManager</class>
      <method>getConnection</method>
      <line>221</line>
    </frame>
    <frame>
      <class>recepcionpaqueteswmwifi.BaseDeDatos</class>
      <method>conectar</method>
      <line>87</line>
    </frame>
    <frame>
      <class>recepcionpaqueteswmwifi.RecepcionPaquetesWMWifi</class>
      <method>main</method>
      <line>79</line>
    </frame>
  </exception>
</record>
<?xml version="1.0" encoding="UTF-8" standalone="no"?>
<!DOCTYPE log SYSTEM "logger.dtd">
<log>
<record>
  <date>2015-02-15T11:16:06</date>
  <millis>1424016966579</millis>
  <sequence>0</sequence>
  <logger>java.lang.Class</logger>
  <level>WARNING</level>
  <class>recepcionpaqueteswmwifi.BaseDeDatos</class>
  <method>insertarRegistro</method>
  <thread>1</thread>
  <message>Unknown column 'string' in 'field list'</message>
  <exception>
    <message>com.mysql.jdbc.exceptions.jdbc4.MySQLSyntaxErrorException: Unknown column 'string' in 'field list'</message>
    <frame>
      <class>sun.reflect.NativeConstructorAccessorImpl</class>
      <method>newInstance0</method>
    </frame>
    <frame>
      <class>sun.reflect.NativeConstructorAccessorImpl</class>
      <method>newInstance</method>
      <line>57</line>
    </frame>
    <frame>
      <class>sun.reflect.DelegatingConstructorAccessorImpl</class>
      <method>newInstance</method>
      <line>45</line>
    </frame>
    <frame>
      <class>java.lang.reflect.Constructor</class>
      <method>newInstance</method>
      <line>525</line>
    </frame>
    <frame>
      <class>com.mysql.jdbc.Util</class>
      <method>handleNewInstance</method>
      <line>377</line>
    </frame>
    <frame>
      <class>com.mysql.jdbc.Util</class>
      <method>getInstance</method>
      <line>360</line>
    </frame>
    <frame>
      <class>com.mysql.jdbc.SQLError</class>
      <method>createSQLException</method>
      <line>978</line>
    </frame>
    <frame>
      <class>com.mysql.jdbc.MysqlIO</class>
      <method>checkErrorPacket</method>
      <line>3887</line>
    </frame>
    <frame>
      <class>com.mysql.jdbc.MysqlIO</class>
      <method>checkErrorPacket</method>
      <line>3823</line>
    </frame>
    <frame>
      <class>com.mysql.jdbc.MysqlIO</class>
      <method>sendCommand</method>
      <line>2435</line>
    </frame>
    <frame>
      <class>com.mysql.jdbc.MysqlIO</class>
      <method>sqlQueryDirect</method>
      <line>2582</line>
    </frame>
    <frame>
      <class>com.mysql.jdbc.ConnectionImpl</class>
      <method>execSQL</method>
      <line>2526</line>
    </frame>
    <frame>
      <class>com.mysql.jdbc.StatementImpl</class>
      <method>executeUpdate</method>
      <line>1618</line>
    </frame>
    <frame>
      <class>com.mysql.jdbc.StatementImpl</class>
      <method>executeUpdate</method>
      <line>1549</line>
    </frame>
    <frame>
      <class>recepcionpaqueteswmwifi.BaseDeDatos</class>
      <method>insertarRegistro</method>
      <line>303</line>
    </frame>
    <frame>
      <class>recepcionpaqueteswmwifi.RecepcionPaquetesWMWifi</class>
      <method>main</method>
      <line>85</line>
    </frame>
  </exception>
</record>
<?xml version="1.0" encoding="UTF-8" standalone="no"?>
<!DOCTYPE log SYSTEM "logger.dtd">
<log>
<record>
  <date>2015-02-15T11:18:45</date>
  <millis>1424017125211</millis>
  <sequence>0</sequence>
  <logger>java.lang.Class</logger>
  <level>WARNING</level>
  <class>recepcionpaqueteswmwifi.BaseDeDatos</class>
  <method>insertarRegistro</method>
  <thread>1</thread>
  <message>Can not issue empty query.</message>
  <exception>
    <message>java.sql.SQLException: Can not issue empty query.</message>
    <frame>
      <class>com.mysql.jdbc.SQLError</class>
      <method>createSQLException</method>
      <line>996</line>
    </frame>
    <frame>
      <class>com.mysql.jdbc.SQLError</class>
      <method>createSQLException</method>
      <line>935</line>
    </frame>
    <frame>
      <class>com.mysql.jdbc.SQLError</class>
      <method>createSQLException</method>
      <line>924</line>
    </frame>
    <frame>
      <class>com.mysql.jdbc.SQLError</class>
      <method>createSQLException</method>
      <line>870</line>
    </frame>
    <frame>
      <class>com.mysql.jdbc.StatementImpl</class>
      <method>checkNullOrEmptyQuery</method>
      <line>492</line>
    </frame>
    <frame>
      <class>com.mysql.jdbc.StatementImpl</class>
      <method>execute</method>
      <line>751</line>
    </frame>
    <frame>
      <class>com.mysql.jdbc.StatementImpl</class>
      <method>execute</method>
      <line>742</line>
    </frame>
    <frame>
      <class>recepcionpaqueteswmwifi.BaseDeDatos</class>
      <method>insertarRegistro</method>
      <line>293</line>
    </frame>
    <frame>
      <class>recepcionpaqueteswmwifi.RecepcionPaquetesWMWifi</class>
      <method>main</method>
      <line>85</line>
    </frame>
  </exception>
</record>
<?xml version="1.0" encoding="UTF-8" standalone="no"?>
<!DOCTYPE log SYSTEM "logger.dtd">
<log>
<record>
  <date>2015-02-15T11:19:14</date>
  <millis>1424017154049</millis>
  <sequence>0</sequence>
  <logger>java.lang.Class</logger>
  <level>WARNING</level>
  <class>recepcionpaqueteswmwifi.BaseDeDatos</class>
  <method>insertarRegistro</method>
  <thread>1</thread>
  <message>Table 'Mediciones' already exists</message>
  <exception>
    <message>com.mysql.jdbc.exceptions.jdbc4.MySQLSyntaxErrorException: Table 'Mediciones' already exists</message>
    <frame>
      <class>sun.reflect.NativeConstructorAccessorImpl</class>
      <method>newInstance0</method>
    </frame>
    <frame>
      <class>sun.reflect.NativeConstructorAccessorImpl</class>
      <method>newInstance</method>
      <line>57</line>
    </frame>
    <frame>
      <class>sun.reflect.DelegatingConstructorAccessorImpl</class>
      <method>newInstance</method>
      <line>45</line>
    </frame>
    <frame>
      <class>java.lang.reflect.Constructor</class>
      <method>newInstance</method>
      <line>525</line>
    </frame>
    <frame>
      <class>com.mysql.jdbc.Util</class>
      <method>handleNewInstance</method>
      <line>377</line>
    </frame>
    <frame>
      <class>com.mysql.jdbc.Util</class>
      <method>getInstance</method>
      <line>360</line>
    </frame>
    <frame>
      <class>com.mysql.jdbc.SQLError</class>
      <method>createSQLException</method>
      <line>978</line>
    </frame>
    <frame>
      <class>com.mysql.jdbc.MysqlIO</class>
      <method>checkErrorPacket</method>
      <line>3887</line>
    </frame>
    <frame>
      <class>com.mysql.jdbc.MysqlIO</class>
      <method>checkErrorPacket</method>
      <line>3823</line>
    </frame>
    <frame>
      <class>com.mysql.jdbc.MysqlIO</class>
      <method>sendCommand</method>
      <line>2435</line>
    </frame>
    <frame>
      <class>com.mysql.jdbc.MysqlIO</class>
      <method>sqlQueryDirect</method>
      <line>2582</line>
    </frame>
    <frame>
      <class>com.mysql.jdbc.ConnectionImpl</class>
      <method>execSQL</method>
      <line>2526</line>
    </frame>
    <frame>
      <class>com.mysql.jdbc.ConnectionImpl</class>
      <method>execSQL</method>
      <line>2484</line>
    </frame>
    <frame>
      <class>com.mysql.jdbc.StatementImpl</class>
      <method>execute</method>
      <line>848</line>
    </frame>
    <frame>
      <class>com.mysql.jdbc.StatementImpl</class>
      <method>execute</method>
      <line>742</line>
    </frame>
    <frame>
      <class>recepcionpaqueteswmwifi.BaseDeDatos</class>
      <method>insertarRegistro</method>
      <line>293</line>
    </frame>
    <frame>
      <class>recepcionpaqueteswmwifi.RecepcionPaquetesWMWifi</class>
      <method>main</method>
      <line>85</line>
    </frame>
  </exception>
</record>
<?xml version="1.0" encoding="UTF-8" standalone="no"?>
<!DOCTYPE log SYSTEM "logger.dtd">
<log>
<record>
  <date>2015-02-15T11:19:25</date>
  <millis>1424017165997</millis>
  <sequence>0</sequence>
  <logger>java.lang.Class</logger>
  <level>WARNING</level>
  <class>recepcionpaqueteswmwifi.BaseDeDatos</class>
  <method>insertarRegistro</method>
  <thread>1</thread>
  <message>Unknown column 'string' in 'field list'</message>
  <exception>
    <message>com.mysql.jdbc.exceptions.jdbc4.MySQLSyntaxErrorException: Unknown column 'string' in 'field list'</message>
    <frame>
      <class>sun.reflect.NativeConstructorAccessorImpl</class>
      <method>newInstance0</method>
    </frame>
    <frame>
      <class>sun.reflect.NativeConstructorAccessorImpl</class>
      <method>newInstance</method>
      <line>57</line>
    </frame>
    <frame>
      <class>sun.reflect.DelegatingConstructorAccessorImpl</class>
      <method>newInstance</method>
      <line>45</line>
    </frame>
    <frame>
      <class>java.lang.reflect.Constructor</class>
      <method>newInstance</method>
      <line>525</line>
    </frame>
    <frame>
      <class>com.mysql.jdbc.Util</class>
      <method>handleNewInstance</method>
      <line>377</line>
    </frame>
    <frame>
      <class>com.mysql.jdbc.Util</class>
      <method>getInstance</method>
      <line>360</line>
    </frame>
    <frame>
      <class>com.mysql.jdbc.SQLError</class>
      <method>createSQLException</method>
      <line>978</line>
    </frame>
    <frame>
      <class>com.mysql.jdbc.MysqlIO</class>
      <method>checkErrorPacket</method>
      <line>3887</line>
    </frame>
    <frame>
      <class>com.mysql.jdbc.MysqlIO</class>
      <method>checkErrorPacket</method>
      <line>3823</line>
    </frame>
    <frame>
      <class>com.mysql.jdbc.MysqlIO</class>
      <method>sendCommand</method>
      <line>2435</line>
    </frame>
    <frame>
      <class>com.mysql.jdbc.MysqlIO</class>
      <method>sqlQueryDirect</method>
      <line>2582</line>
    </frame>
    <frame>
      <class>com.mysql.jdbc.ConnectionImpl</class>
      <method>execSQL</method>
      <line>2526</line>
    </frame>
    <frame>
      <class>com.mysql.jdbc.StatementImpl</class>
      <method>executeUpdate</method>
      <line>1618</line>
    </frame>
    <frame>
      <class>com.mysql.jdbc.StatementImpl</class>
      <method>executeUpdate</method>
      <line>1549</line>
    </frame>
    <frame>
      <class>recepcionpaqueteswmwifi.BaseDeDatos</class>
      <method>insertarRegistro</method>
      <line>303</line>
    </frame>
    <frame>
      <class>recepcionpaqueteswmwifi.RecepcionPaquetesWMWifi</class>
      <method>main</method>
      <line>85</line>
    </frame>
  </exception>
</record>
<?xml version="1.0" encoding="UTF-8" standalone="no"?>
<!DOCTYPE log SYSTEM "logger.dtd">
<log>
<record>
  <date>2015-02-15T11:20:30</date>
  <millis>1424017230944</millis>
  <sequence>0</sequence>
  <logger>java.lang.Class</logger>
  <level>WARNING</level>
  <class>recepcionpaqueteswmwifi.BaseDeDatos</class>
  <method>insertarRegistro</method>
  <thread>1</thread>
  <message>Unknown column 'string' in 'field list'</message>
  <exception>
    <message>com.mysql.jdbc.exceptions.jdbc4.MySQLSyntaxErrorException: Unknown column 'string' in 'field list'</message>
    <frame>
      <class>sun.reflect.NativeConstructorAccessorImpl</class>
      <method>newInstance0</method>
    </frame>
    <frame>
      <class>sun.reflect.NativeConstructorAccessorImpl</class>
      <method>newInstance</method>
      <line>57</line>
    </frame>
    <frame>
      <class>sun.reflect.DelegatingConstructorAccessorImpl</class>
      <method>newInstance</method>
      <line>45</line>
    </frame>
    <frame>
      <class>java.lang.reflect.Constructor</class>
      <method>newInstance</method>
      <line>525</line>
    </frame>
    <frame>
      <class>com.mysql.jdbc.Util</class>
      <method>handleNewInstance</method>
      <line>377</line>
    </frame>
    <frame>
      <class>com.mysql.jdbc.Util</class>
      <method>getInstance</method>
      <line>360</line>
    </frame>
    <frame>
      <class>com.mysql.jdbc.SQLError</class>
      <method>createSQLException</method>
      <line>978</line>
    </frame>
    <frame>
      <class>com.mysql.jdbc.MysqlIO</class>
      <method>checkErrorPacket</method>
      <line>3887</line>
    </frame>
    <frame>
      <class>com.mysql.jdbc.MysqlIO</class>
      <method>checkErrorPacket</method>
      <line>3823</line>
    </frame>
    <frame>
      <class>com.mysql.jdbc.MysqlIO</class>
      <method>sendCommand</method>
      <line>2435</line>
    </frame>
    <frame>
      <class>com.mysql.jdbc.MysqlIO</class>
      <method>sqlQueryDirect</method>
      <line>2582</line>
    </frame>
    <frame>
      <class>com.mysql.jdbc.ConnectionImpl</class>
      <method>execSQL</method>
      <line>2526</line>
    </frame>
    <frame>
      <class>com.mysql.jdbc.StatementImpl</class>
      <method>executeUpdate</method>
      <line>1618</line>
    </frame>
    <frame>
      <class>com.mysql.jdbc.StatementImpl</class>
      <method>executeUpdate</method>
      <line>1549</line>
    </frame>
    <frame>
      <class>recepcionpaqueteswmwifi.BaseDeDatos</class>
      <method>insertarRegistro</method>
      <line>303</line>
    </frame>
    <frame>
      <class>recepcionpaqueteswmwifi.RecepcionPaquetesWMWifi</class>
      <method>main</method>
      <line>85</line>
    </frame>
  </exception>
</record>
<?xml version="1.0" encoding="UTF-8" standalone="no"?>
<!DOCTYPE log SYSTEM "logger.dtd">
<log>
<record>
  <date>2015-02-15T11:21:49</date>
  <millis>1424017309474</millis>
  <sequence>0</sequence>
  <logger>java.lang.Class</logger>
  <level>WARNING</level>
  <class>recepcionpaqueteswmwifi.BaseDeDatos</class>
  <method>insertarRegistro</method>
  <thread>1</thread>
  <message>Unknown column 'string' in 'field list'</message>
  <exception>
    <message>com.mysql.jdbc.exceptions.jdbc4.MySQLSyntaxErrorException: Unknown column 'string' in 'field list'</message>
    <frame>
      <class>sun.reflect.NativeConstructorAccessorImpl</class>
      <method>newInstance0</method>
    </frame>
    <frame>
      <class>sun.reflect.NativeConstructorAccessorImpl</class>
      <method>newInstance</method>
      <line>57</line>
    </frame>
    <frame>
      <class>sun.reflect.DelegatingConstructorAccessorImpl</class>
      <method>newInstance</method>
      <line>45</line>
    </frame>
    <frame>
      <class>java.lang.reflect.Constructor</class>
      <method>newInstance</method>
      <line>525</line>
    </frame>
    <frame>
      <class>com.mysql.jdbc.Util</class>
      <method>handleNewInstance</method>
      <line>377</line>
    </frame>
    <frame>
      <class>com.mysql.jdbc.Util</class>
      <method>getInstance</method>
      <line>360</line>
    </frame>
    <frame>
      <class>com.mysql.jdbc.SQLError</class>
      <method>createSQLException</method>
      <line>978</line>
    </frame>
    <frame>
      <class>com.mysql.jdbc.MysqlIO</class>
      <method>checkErrorPacket</method>
      <line>3887</line>
    </frame>
    <frame>
      <class>com.mysql.jdbc.MysqlIO</class>
      <method>checkErrorPacket</method>
      <line>3823</line>
    </frame>
    <frame>
      <class>com.mysql.jdbc.MysqlIO</class>
      <method>sendCommand</method>
      <line>2435</line>
    </frame>
    <frame>
      <class>com.mysql.jdbc.MysqlIO</class>
      <method>sqlQueryDirect</method>
      <line>2582</line>
    </frame>
    <frame>
      <class>com.mysql.jdbc.ConnectionImpl</class>
      <method>execSQL</method>
      <line>2526</line>
    </frame>
    <frame>
      <class>com.mysql.jdbc.StatementImpl</class>
      <method>executeUpdate</method>
      <line>1618</line>
    </frame>
    <frame>
      <class>com.mysql.jdbc.StatementImpl</class>
      <method>executeUpdate</method>
      <line>1549</line>
    </frame>
    <frame>
      <class>recepcionpaqueteswmwifi.BaseDeDatos</class>
      <method>insertarRegistro</method>
      <line>303</line>
    </frame>
    <frame>
      <class>recepcionpaqueteswmwifi.RecepcionPaquetesWMWifi</class>
      <method>main</method>
      <line>85</line>
    </frame>
  </exception>
</record>
<?xml version="1.0" encoding="UTF-8" standalone="no"?>
<!DOCTYPE log SYSTEM "logger.dtd">
<log>
<record>
  <date>2015-02-15T12:05:27</date>
  <millis>1424019927029</millis>
  <sequence>0</sequence>
  <logger>java.lang.Class</logger>
  <level>WARNING</level>
  <class>recepcionpaqueteswmwifi.BaseDeDatos</class>
  <method>existeTabla</method>
  <thread>12</thread>
  <exception>
    <message>java.lang.NullPointerException</message>
    <frame>
      <class>recepcionpaqueteswmwifi.BaseDeDatos</class>
      <method>existeTabla</method>
      <line>326</line>
    </frame>
    <frame>
      <class>recepcionpaqueteswmwifi.BaseDeDatos</class>
      <method>insertarRegistro</method>
      <line>183</line>
    </frame>
    <frame>
      <class>recepcionpaqueteswmwifi.KKServerThread</class>
      <method>run</method>
      <line>62</line>
    </frame>
  </exception>
</record>
<record>
  <date>2015-02-15T12:05:30</date>
  <millis>1424019930539</millis>
  <sequence>1</sequence>
  <logger>java.lang.Class</logger>
  <level>WARNING</level>
  <class>recepcionpaqueteswmwifi.BaseDeDatos</class>
  <method>insertarRegistro</method>
  <thread>12</thread>
  <exception>
    <message>java.lang.NullPointerException</message>
    <frame>
      <class>recepcionpaqueteswmwifi.BaseDeDatos</class>
      <method>insertarRegistro</method>
      <line>185</line>
    </frame>
    <frame>
      <class>recepcionpaqueteswmwifi.KKServerThread</class>
      <method>run</method>
      <line>62</line>
    </frame>
  </exception>
</record>
<?xml version="1.0" encoding="UTF-8" standalone="no"?>
<!DOCTYPE log SYSTEM "logger.dtd">
<log>
<record>
  <date>2015-02-16T08:44:12</date>
  <millis>1424094252206</millis>
  <sequence>0</sequence>
  <logger>java.lang.Class</logger>
  <level>WARNING</level>
  <class>recepcionpaqueteswmwifi.BaseDeDatos</class>
  <method>insertarRegistro</method>
  <thread>12</thread>
  <message>Table 'Mediciones' already exists</message>
  <exception>
    <message>com.mysql.jdbc.exceptions.jdbc4.MySQLSyntaxErrorException: Table 'Mediciones' already exists</message>
    <frame>
      <class>sun.reflect.NativeConstructorAccessorImpl</class>
      <method>newInstance0</method>
    </frame>
    <frame>
      <class>sun.reflect.NativeConstructorAccessorImpl</class>
      <method>newInstance</method>
      <line>57</line>
    </frame>
    <frame>
      <class>sun.reflect.DelegatingConstructorAccessorImpl</class>
      <method>newInstance</method>
      <line>45</line>
    </frame>
    <frame>
      <class>java.lang.reflect.Constructor</class>
      <method>newInstance</method>
      <line>525</line>
    </frame>
    <frame>
      <class>com.mysql.jdbc.Util</class>
      <method>handleNewInstance</method>
      <line>377</line>
    </frame>
    <frame>
      <class>com.mysql.jdbc.Util</class>
      <method>getInstance</method>
      <line>360</line>
    </frame>
    <frame>
      <class>com.mysql.jdbc.SQLError</class>
      <method>createSQLException</method>
      <line>978</line>
    </frame>
    <frame>
      <class>com.mysql.jdbc.MysqlIO</class>
      <method>checkErrorPacket</method>
      <line>3887</line>
    </frame>
    <frame>
      <class>com.mysql.jdbc.MysqlIO</class>
      <method>checkErrorPacket</method>
      <line>3823</line>
    </frame>
    <frame>
      <class>com.mysql.jdbc.MysqlIO</class>
      <method>sendCommand</method>
      <line>2435</line>
    </frame>
    <frame>
      <class>com.mysql.jdbc.MysqlIO</class>
      <method>sqlQueryDirect</method>
      <line>2582</line>
    </frame>
    <frame>
      <class>com.mysql.jdbc.ConnectionImpl</class>
      <method>execSQL</method>
      <line>2526</line>
    </frame>
    <frame>
      <class>com.mysql.jdbc.ConnectionImpl</class>
      <method>execSQL</method>
      <line>2484</line>
    </frame>
    <frame>
      <class>com.mysql.jdbc.StatementImpl</class>
      <method>execute</method>
      <line>848</line>
    </frame>
    <frame>
      <class>com.mysql.jdbc.StatementImpl</class>
      <method>execute</method>
      <line>742</line>
    </frame>
    <frame>
      <class>recepcionpaqueteswmwifi.BaseDeDatos</class>
      <method>insertarRegistro</method>
      <line>291</line>
    </frame>
    <frame>
      <class>recepcionpaqueteswmwifi.KKServerThread</class>
      <method>run</method>
      <line>64</line>
    </frame>
  </exception>
</record>
<?xml version="1.0" encoding="UTF-8" standalone="no"?>
<!DOCTYPE log SYSTEM "logger.dtd">
<log>
<record>
  <date>2015-02-17T09:03:20</date>
  <millis>1424181800200</millis>
  <sequence>0</sequence>
  <logger>java.lang.Class</logger>
  <level>WARNING</level>
  <class>recepcionpaqueteswmwifi.BaseDeDatos</class>
  <method>conectar</method>
  <thread>9</thread>
  <message>Communications link failure

The last packet sent successfully to the server was 0 milliseconds ago. The driver has not received any packets from the server.</message>
  <exception>
    <message>com.mysql.jdbc.exceptions.jdbc4.CommunicationsException: Communications link failure

The last packet sent successfully to the server was 0 milliseconds ago. The driver has not received any packets from the server.</message>
    <frame>
      <class>sun.reflect.NativeConstructorAccessorImpl</class>
      <method>newInstance0</method>
    </frame>
    <frame>
      <class>sun.reflect.NativeConstructorAccessorImpl</class>
      <method>newInstance</method>
      <line>57</line>
    </frame>
    <frame>
      <class>sun.reflect.DelegatingConstructorAccessorImpl</class>
      <method>newInstance</method>
      <line>45</line>
    </frame>
    <frame>
      <class>java.lang.reflect.Constructor</class>
      <method>newInstance</method>
      <line>525</line>
    </frame>
    <frame>
      <class>com.mysql.jdbc.Util</class>
      <method>handleNewInstance</method>
      <line>377</line>
    </frame>
    <frame>
      <class>com.mysql.jdbc.SQLError</class>
      <method>createCommunicationsException</method>
      <line>1036</line>
    </frame>
    <frame>
      <class>com.mysql.jdbc.MysqlIO</class>
      <method>&lt;init&gt;</method>
      <line>338</line>
    </frame>
    <frame>
      <class>com.mysql.jdbc.ConnectionImpl</class>
      <method>coreConnect</method>
      <line>2232</line>
    </frame>
    <frame>
      <class>com.mysql.jdbc.ConnectionImpl</class>
      <method>connectOneTryOnly</method>
      <line>2265</line>
    </frame>
    <frame>
      <class>com.mysql.jdbc.ConnectionImpl</class>
      <method>createNewIO</method>
      <line>2064</line>
    </frame>
    <frame>
      <class>com.mysql.jdbc.ConnectionImpl</class>
      <method>&lt;init&gt;</method>
      <line>790</line>
    </frame>
    <frame>
      <class>com.mysql.jdbc.JDBC4Connection</class>
      <method>&lt;init&gt;</method>
      <line>44</line>
    </frame>
    <frame>
      <class>sun.reflect.NativeConstructorAccessorImpl</class>
      <method>newInstance0</method>
    </frame>
    <frame>
      <class>sun.reflect.NativeConstructorAccessorImpl</class>
      <method>newInstance</method>
      <line>57</line>
    </frame>
    <frame>
      <class>sun.reflect.DelegatingConstructorAccessorImpl</class>
      <method>newInstance</method>
      <line>45</line>
    </frame>
    <frame>
      <class>java.lang.reflect.Constructor</class>
      <method>newInstance</method>
      <line>525</line>
    </frame>
    <frame>
      <class>com.mysql.jdbc.Util</class>
      <method>handleNewInstance</method>
      <line>377</line>
    </frame>
    <frame>
      <class>com.mysql.jdbc.ConnectionImpl</class>
      <method>getInstance</method>
      <line>395</line>
    </frame>
    <frame>
      <class>com.mysql.jdbc.NonRegisteringDriver</class>
      <method>connect</method>
      <line>325</line>
    </frame>
    <frame>
      <class>java.sql.DriverManager</class>
      <method>getConnection</method>
      <line>579</line>
    </frame>
    <frame>
      <class>java.sql.DriverManager</class>
      <method>getConnection</method>
      <line>221</line>
    </frame>
    <frame>
      <class>recepcionpaqueteswmwifi.BaseDeDatos</class>
      <method>conectar</method>
      <line>87</line>
    </frame>
    <frame>
      <class>recepcionpaqueteswmwifi.KKServerThread</class>
      <method>run</method>
      <line>63</line>
    </frame>
  </exception>
</record>
<record>
  <date>2015-02-17T09:03:20</date>
  <millis>1424181800497</millis>
  <sequence>1</sequence>
  <logger>java.lang.Class</logger>
  <level>WARNING</level>
  <class>recepcionpaqueteswmwifi.BaseDeDatos</class>
  <method>existeTabla</method>
  <thread>9</thread>
  <exception>
    <message>java.lang.NullPointerException</message>
    <frame>
      <class>recepcionpaqueteswmwifi.BaseDeDatos</class>
      <method>existeTabla</method>
      <line>326</line>
    </frame>
    <frame>
      <class>recepcionpaqueteswmwifi.BaseDeDatos</class>
      <method>insertarRegistro</method>
      <line>183</line>
    </frame>
    <frame>
      <class>recepcionpaqueteswmwifi.KKServerThread</class>
      <method>run</method>
      <line>64</line>
    </frame>
  </exception>
</record>
<record>
  <date>2015-02-17T09:03:20</date>
  <millis>1424181800497</millis>
  <sequence>2</sequence>
  <logger>java.lang.Class</logger>
  <level>WARNING</level>
  <class>recepcionpaqueteswmwifi.BaseDeDatos</class>
  <method>insertarRegistro</method>
  <thread>9</thread>
  <exception>
    <message>java.lang.NullPointerException</message>
    <frame>
      <class>recepcionpaqueteswmwifi.BaseDeDatos</class>
      <method>insertarRegistro</method>
      <line>185</line>
    </frame>
    <frame>
      <class>recepcionpaqueteswmwifi.KKServerThread</class>
      <method>run</method>
      <line>64</line>
    </frame>
  </exception>
</record>
<record>
  <date>2015-02-17T09:04:32</date>
  <millis>1424181872214</millis>
  <sequence>3</sequence>
  <logger>java.lang.Class</logger>
  <level>WARNING</level>
  <class>recepcionpaqueteswmwifi.BaseDeDatos</class>
  <method>conectar</method>
  <thread>12</thread>
  <message>Communications link failure

The last packet sent successfully to the server was 0 milliseconds ago. The driver has not received any packets from the server.</message>
  <exception>
    <message>com.mysql.jdbc.exceptions.jdbc4.CommunicationsException: Communications link failure

The last packet sent successfully to the server was 0 milliseconds ago. The driver has not received any packets from the server.</message>
    <frame>
      <class>sun.reflect.NativeConstructorAccessorImpl</class>
      <method>newInstance0</method>
    </frame>
    <frame>
      <class>sun.reflect.NativeConstructorAccessorImpl</class>
      <method>newInstance</method>
      <line>57</line>
    </frame>
    <frame>
      <class>sun.reflect.DelegatingConstructorAccessorImpl</class>
      <method>newInstance</method>
      <line>45</line>
    </frame>
    <frame>
      <class>java.lang.reflect.Constructor</class>
      <method>newInstance</method>
      <line>525</line>
    </frame>
    <frame>
      <class>com.mysql.jdbc.Util</class>
      <method>handleNewInstance</method>
      <line>377</line>
    </frame>
    <frame>
      <class>com.mysql.jdbc.SQLError</class>
      <method>createCommunicationsException</method>
      <line>1036</line>
    </frame>
    <frame>
      <class>com.mysql.jdbc.MysqlIO</class>
      <method>&lt;init&gt;</method>
      <line>338</line>
    </frame>
    <frame>
      <class>com.mysql.jdbc.ConnectionImpl</class>
      <method>coreConnect</method>
      <line>2232</line>
    </frame>
    <frame>
      <class>com.mysql.jdbc.ConnectionImpl</class>
      <method>connectOneTryOnly</method>
      <line>2265</line>
    </frame>
    <frame>
      <class>com.mysql.jdbc.ConnectionImpl</class>
      <method>createNewIO</method>
      <line>2064</line>
    </frame>
    <frame>
      <class>com.mysql.jdbc.ConnectionImpl</class>
      <method>&lt;init&gt;</method>
      <line>790</line>
    </frame>
    <frame>
      <class>com.mysql.jdbc.JDBC4Connection</class>
      <method>&lt;init&gt;</method>
      <line>44</line>
    </frame>
    <frame>
      <class>sun.reflect.NativeConstructorAccessorImpl</class>
      <method>newInstance0</method>
    </frame>
    <frame>
      <class>sun.reflect.NativeConstructorAccessorImpl</class>
      <method>newInstance</method>
      <line>57</line>
    </frame>
    <frame>
      <class>sun.reflect.DelegatingConstructorAccessorImpl</class>
      <method>newInstance</method>
      <line>45</line>
    </frame>
    <frame>
      <class>java.lang.reflect.Constructor</class>
      <method>newInstance</method>
      <line>525</line>
    </frame>
    <frame>
      <class>com.mysql.jdbc.Util</class>
      <method>handleNewInstance</method>
      <line>377</line>
    </frame>
    <frame>
      <class>com.mysql.jdbc.ConnectionImpl</class>
      <method>getInstance</method>
      <line>395</line>
    </frame>
    <frame>
      <class>com.mysql.jdbc.NonRegisteringDriver</class>
      <method>connect</method>
      <line>325</line>
    </frame>
    <frame>
      <class>java.sql.DriverManager</class>
      <method>getConnection</method>
      <line>579</line>
    </frame>
    <frame>
      <class>java.sql.DriverManager</class>
      <method>getConnection</method>
      <line>221</line>
    </frame>
    <frame>
      <class>recepcionpaqueteswmwifi.BaseDeDatos</class>
      <method>conectar</method>
      <line>87</line>
    </frame>
    <frame>
      <class>recepcionpaqueteswmwifi.KKServerThread</class>
      <method>run</method>
      <line>63</line>
    </frame>
  </exception>
</record>
<record>
  <date>2015-02-17T09:04:32</date>
  <millis>1424181872544</millis>
  <sequence>4</sequence>
  <logger>java.lang.Class</logger>
  <level>WARNING</level>
  <class>recepcionpaqueteswmwifi.BaseDeDatos</class>
  <method>existeTabla</method>
  <thread>12</thread>
  <exception>
    <message>java.lang.NullPointerException</message>
    <frame>
      <class>recepcionpaqueteswmwifi.BaseDeDatos</class>
      <method>existeTabla</method>
      <line>326</line>
    </frame>
    <frame>
      <class>recepcionpaqueteswmwifi.BaseDeDatos</class>
      <method>insertarRegistro</method>
      <line>183</line>
    </frame>
    <frame>
      <class>recepcionpaqueteswmwifi.KKServerThread</class>
      <method>run</method>
      <line>64</line>
    </frame>
  </exception>
</record>
<record>
  <date>2015-02-17T09:04:32</date>
  <millis>1424181872547</millis>
  <sequence>5</sequence>
  <logger>java.lang.Class</logger>
  <level>WARNING</level>
  <class>recepcionpaqueteswmwifi.BaseDeDatos</class>
  <method>insertarRegistro</method>
  <thread>12</thread>
  <exception>
    <message>java.lang.NullPointerException</message>
    <frame>
      <class>recepcionpaqueteswmwifi.BaseDeDatos</class>
      <method>insertarRegistro</method>
      <line>185</line>
    </frame>
    <frame>
      <class>recepcionpaqueteswmwifi.KKServerThread</class>
      <method>run</method>
      <line>64</line>
    </frame>
  </exception>
</record>
<?xml version="1.0" encoding="UTF-8" standalone="no"?>
<!DOCTYPE log SYSTEM "logger.dtd">
<log>
<record>
  <date>2015-03-16T10:02:49</date>
  <millis>1426518169881</millis>
  <sequence>0</sequence>
  <logger>java.lang.Class</logger>
  <level>WARNING</level>
  <class>recepcionpaqueteswmwifi.BaseDeDatos</class>
  <method>conectar</method>
  <thread>1</thread>
  <message>Communications link failure

The last packet sent successfully to the server was 0 milliseconds ago. The driver has not received any packets from the server.</message>
  <exception>
    <message>com.mysql.jdbc.exceptions.jdbc4.CommunicationsException: Communications link failure

The last packet sent successfully to the server was 0 milliseconds ago. The driver has not received any packets from the server.</message>
    <frame>
      <class>sun.reflect.NativeConstructorAccessorImpl</class>
      <method>newInstance0</method>
    </frame>
    <frame>
      <class>sun.reflect.NativeConstructorAccessorImpl</class>
      <method>newInstance</method>
      <line>57</line>
    </frame>
    <frame>
      <class>sun.reflect.DelegatingConstructorAccessorImpl</class>
      <method>newInstance</method>
      <line>45</line>
    </frame>
    <frame>
      <class>java.lang.reflect.Constructor</class>
      <method>newInstance</method>
      <line>525</line>
    </frame>
    <frame>
      <class>com.mysql.jdbc.Util</class>
      <method>handleNewInstance</method>
      <line>377</line>
    </frame>
    <frame>
      <class>com.mysql.jdbc.SQLError</class>
      <method>createCommunicationsException</method>
      <line>1036</line>
    </frame>
    <frame>
      <class>com.mysql.jdbc.MysqlIO</class>
      <method>&lt;init&gt;</method>
      <line>338</line>
    </frame>
    <frame>
      <class>com.mysql.jdbc.ConnectionImpl</class>
      <method>coreConnect</method>
      <line>2232</line>
    </frame>
    <frame>
      <class>com.mysql.jdbc.ConnectionImpl</class>
      <method>connectOneTryOnly</method>
      <line>2265</line>
    </frame>
    <frame>
      <class>com.mysql.jdbc.ConnectionImpl</class>
      <method>createNewIO</method>
      <line>2064</line>
    </frame>
    <frame>
      <class>com.mysql.jdbc.ConnectionImpl</class>
      <method>&lt;init&gt;</method>
      <line>790</line>
    </frame>
    <frame>
      <class>com.mysql.jdbc.JDBC4Connection</class>
      <method>&lt;init&gt;</method>
      <line>44</line>
    </frame>
    <frame>
      <class>sun.reflect.NativeConstructorAccessorImpl</class>
      <method>newInstance0</method>
    </frame>
    <frame>
      <class>sun.reflect.NativeConstructorAccessorImpl</class>
      <method>newInstance</method>
      <line>57</line>
    </frame>
    <frame>
      <class>sun.reflect.DelegatingConstructorAccessorImpl</class>
      <method>newInstance</method>
      <line>45</line>
    </frame>
    <frame>
      <class>java.lang.reflect.Constructor</class>
      <method>newInstance</method>
      <line>525</line>
    </frame>
    <frame>
      <class>com.mysql.jdbc.Util</class>
      <method>handleNewInstance</method>
      <line>377</line>
    </frame>
    <frame>
      <class>com.mysql.jdbc.ConnectionImpl</class>
      <method>getInstance</method>
      <line>395</line>
    </frame>
    <frame>
      <class>com.mysql.jdbc.NonRegisteringDriver</class>
      <method>connect</method>
      <line>325</line>
    </frame>
    <frame>
      <class>java.sql.DriverManager</class>
      <method>getConnection</method>
      <line>579</line>
    </frame>
    <frame>
      <class>java.sql.DriverManager</class>
      <method>getConnection</method>
      <line>221</line>
    </frame>
    <frame>
      <class>recepcionpaqueteswmwifi.BaseDeDatos</class>
      <method>conectar</method>
      <line>85</line>
    </frame>
    <frame>
      <class>recepcionpaqueteswmwifi.RecepcionPaquetesWMWifi</class>
      <method>main</method>
      <line>80</line>
    </frame>
  </exception>
</record>
<?xml version="1.0" encoding="UTF-8" standalone="no"?>
<!DOCTYPE log SYSTEM "logger.dtd">
<log>
<record>
  <date>2015-03-16T10:16:09</date>
  <millis>1426518969826</millis>
  <sequence>0</sequence>
  <logger>java.lang.Class</logger>
  <level>WARNING</level>
  <class>recepcionpaqueteswmwifi.BaseDeDatos</class>
  <method>insertarRegistro</method>
  <thread>1</thread>
  <message>You have an error in your SQL syntax; check the manual that corresponds to your MySQL server version for the right syntax to use near 'NaN33.3)' at line 1</message>
  <exception>
    <message>com.mysql.jdbc.exceptions.jdbc4.MySQLSyntaxErrorException: You have an error in your SQL syntax; check the manual that corresponds to your MySQL server version for the right syntax to use near 'NaN33.3)' at line 1</message>
    <frame>
      <class>sun.reflect.NativeConstructorAccessorImpl</class>
      <method>newInstance0</method>
    </frame>
    <frame>
      <class>sun.reflect.NativeConstructorAccessorImpl</class>
      <method>newInstance</method>
      <line>57</line>
    </frame>
    <frame>
      <class>sun.reflect.DelegatingConstructorAccessorImpl</class>
      <method>newInstance</method>
      <line>45</line>
    </frame>
    <frame>
      <class>java.lang.reflect.Constructor</class>
      <method>newInstance</method>
      <line>525</line>
    </frame>
    <frame>
      <class>com.mysql.jdbc.Util</class>
      <method>handleNewInstance</method>
      <line>377</line>
    </frame>
    <frame>
      <class>com.mysql.jdbc.Util</class>
      <method>getInstance</method>
      <line>360</line>
    </frame>
    <frame>
      <class>com.mysql.jdbc.SQLError</class>
      <method>createSQLException</method>
      <line>978</line>
    </frame>
    <frame>
      <class>com.mysql.jdbc.MysqlIO</class>
      <method>checkErrorPacket</method>
      <line>3887</line>
    </frame>
    <frame>
      <class>com.mysql.jdbc.MysqlIO</class>
      <method>checkErrorPacket</method>
      <line>3823</line>
    </frame>
    <frame>
      <class>com.mysql.jdbc.MysqlIO</class>
      <method>sendCommand</method>
      <line>2435</line>
    </frame>
    <frame>
      <class>com.mysql.jdbc.MysqlIO</class>
      <method>sqlQueryDirect</method>
      <line>2582</line>
    </frame>
    <frame>
      <class>com.mysql.jdbc.ConnectionImpl</class>
      <method>execSQL</method>
      <line>2526</line>
    </frame>
    <frame>
      <class>com.mysql.jdbc.StatementImpl</class>
      <method>executeUpdate</method>
      <line>1618</line>
    </frame>
    <frame>
      <class>com.mysql.jdbc.StatementImpl</class>
      <method>executeUpdate</method>
      <line>1549</line>
    </frame>
    <frame>
      <class>recepcionpaqueteswmwifi.BaseDeDatos</class>
      <method>insertarRegistro</method>
      <line>306</line>
    </frame>
    <frame>
      <class>recepcionpaqueteswmwifi.RecepcionPaquetesWMWifi</class>
      <method>main</method>
      <line>81</line>
    </frame>
  </exception>
</record>
